# JRE version: Java(TM) SE Runtime Environment (8.0_191-b12) (build 1.8.0_191-b12)
# Java VM: Java HotSpot(TM) Client VM (25.191-b12 mixed mode windows-x86 )
Heap:
 def new generation   total 97280K, used 62663K [0x04c00000, 0x0b580000, 0x0f6a0000)
  eden space 86528K,  69% used [0x04c00000, 0x08652ff0, 0x0a080000)
  from space 10752K,  27% used [0x0ab00000, 0x0addefe0, 0x0b580000)
  to   space 10752K,   0% used [0x0a080000, 0x0a080000, 0x0ab00000)
 tenured generation   total 215920K, used 147087K [0x0f6a0000, 0x1c97c000, 0x24c00000)
   the space 215920K,  68% used [0x0f6a0000, 0x18643e68, 0x18644000, 0x1c97c000)
 Metaspace       used 26255K, capacity 26970K, committed 27008K, reserved 27008K
GC Heap History (10 events):
Event: 6765.784 GC heap before
{Heap before GC invocations=123 (full 7):
 def new generation   total 97280K, used 89332K [0x04c00000, 0x0b580000, 0x0f6a0000)
  eden space 86528K, 100% used [0x04c00000, 0x0a080000, 0x0a080000)
  from space 10752K,  26% used [0x0a080000, 0x0a33d2f0, 0x0ab00000)
  to   space 10752K,   0% used [0x0ab00000, 0x0ab00000, 0x0b580000)
 tenured generation   total 215920K, used 147087K [0x0f6a0000, 0x1c97c000, 0x24c00000)
   the space 215920K,  68% used [0x0f6a0000, 0x18643e68, 0x18644000, 0x1c97c000)
 Metaspace       used 26255K, capacity 26970K, committed 27008K, reserved 27008K
Event: 6765.791 GC heap after
Heap after GC invocations=124 (full 7):
 def new generation   total 97280K, used 2888K [0x04c00000, 0x0b580000, 0x0f6a0000)
  eden space 86528K,   0% used [0x04c00000, 0x04c00000, 0x0a080000)
  from space 10752K,  26% used [0x0ab00000, 0x0add2298, 0x0b580000)
  to   space 10752K,   0% used [0x0a080000, 0x0a080000, 0x0ab00000)
 tenured generation   total 215920K, used 147087K [0x0f6a0000, 0x1c97c000, 0x24c00000)
   the space 215920K,  68% used [0x0f6a0000, 0x18643e68, 0x18644000, 0x1c97c000)
 Metaspace       used 26255K, capacity 26970K, committed 27008K, reserved 27008K
}
Event: 6842.949 GC heap before
{Heap before GC invocations=124 (full 7):
 def new generation   total 97280K, used 89416K [0x04c00000, 0x0b580000, 0x0f6a0000)
  eden space 86528K, 100% used [0x04c00000, 0x0a080000, 0x0a080000)
  from space 10752K,  26% used [0x0ab00000, 0x0add2298, 0x0b580000)
  to   space 10752K,   0% used [0x0a080000, 0x0a080000, 0x0ab00000)
 tenured generation   total 215920K, used 147087K [0x0f6a0000, 0x1c97c000, 0x24c00000)
   the space 215920K,  68% used [0x0f6a0000, 0x18643e68, 0x18644000, 0x1c97c000)
 Metaspace       used 26255K, capacity 26970K, committed 27008K, reserved 27008K
Event: 6842.958 GC heap after
Heap after GC invocations=125 (full 7):
 def new generation   total 97280K, used 2890K [0x04c00000, 0x0b580000, 0x0f6a0000)
  eden space 86528K,   0% used [0x04c00000, 0x04c00000, 0x0a080000)
  from space 10752K,  26% used [0x0a080000, 0x0a352af8, 0x0ab00000)
  to   space 10752K,   0% used [0x0ab00000, 0x0ab00000, 0x0b580000)
 tenured generation   total 215920K, used 147087K [0x0f6a0000, 0x1c97c000, 0x24c00000)
   the space 215920K,  68% used [0x0f6a0000, 0x18643e68, 0x18644000, 0x1c97c000)
 Metaspace       used 26255K, capacity 26970K, committed 27008K, reserved 27008K
}
Event: 6921.605 GC heap before
{Heap before GC invocations=125 (full 7):
 def new generation   total 97280K, used 89418K [0x04c00000, 0x0b580000, 0x0f6a0000)
  eden space 86528K, 100% used [0x04c00000, 0x0a080000, 0x0a080000)
  from space 10752K,  26% used [0x0a080000, 0x0a352af8, 0x0ab00000)
  to   space 10752K,   0% used [0x0ab00000, 0x0ab00000, 0x0b580000)
 tenured generation   total 215920K, used 147087K [0x0f6a0000, 0x1c97c000, 0x24c00000)
   the space 215920K,  68% used [0x0f6a0000, 0x18643e68, 0x18644000, 0x1c97c000)
 Metaspace       used 26255K, capacity 26970K, committed 27008K, reserved 27008K
Event: 6921.612 GC heap after
Heap after GC invocations=126 (full 7):
 def new generation   total 97280K, used 2892K [0x04c00000, 0x0b580000, 0x0f6a0000)
  eden space 86528K,   0% used [0x04c00000, 0x04c00000, 0x0a080000)
  from space 10752K,  26% used [0x0ab00000, 0x0add30a0, 0x0b580000)
  to   space 10752K,   0% used [0x0a080000, 0x0a080000, 0x0ab00000)
 tenured generation   total 215920K, used 147087K [0x0f6a0000, 0x1c97c000, 0x24c00000)
   the space 215920K,  68% used [0x0f6a0000, 0x18643e68, 0x18644000, 0x1c97c000)
 Metaspace       used 26255K, capacity 26970K, committed 27008K, reserved 27008K
}
Event: 6998.082 GC heap before
{Heap before GC invocations=126 (full 7):
 def new generation   total 97280K, used 89420K [0x04c00000, 0x0b580000, 0x0f6a0000)
  eden space 86528K, 100% used [0x04c00000, 0x0a080000, 0x0a080000)
  from space 10752K,  26% used [0x0ab00000, 0x0add30a0, 0x0b580000)
  to   space 10752K,   0% used [0x0a080000, 0x0a080000, 0x0ab00000)
 tenured generation   total 215920K, used 147087K [0x0f6a0000, 0x1c97c000, 0x24c00000)
   the space 215920K,  68% used [0x0f6a0000, 0x18643e68, 0x18644000, 0x1c97c000)
 Metaspace       used 26255K, capacity 26970K, committed 27008K, reserved 27008K
Event: 6998.090 GC heap after
Heap after GC invocations=127 (full 7):
 def new generation   total 97280K, used 2888K [0x04c00000, 0x0b580000, 0x0f6a0000)
  eden space 86528K,   0% used [0x04c00000, 0x04c00000, 0x0a080000)
  from space 10752K,  26% used [0x0a080000, 0x0a352310, 0x0ab00000)
  to   space 10752K,   0% used [0x0ab00000, 0x0ab00000, 0x0b580000)
 tenured generation   total 215920K, used 147087K [0x0f6a0000, 0x1c97c000, 0x24c00000)
   the space 215920K,  68% used [0x0f6a0000, 0x18643e68, 0x18644000, 0x1c97c000)
 Metaspace       used 26255K, capacity 26970K, committed 27008K, reserved 27008K
}
Event: 7149.989 GC heap before
{Heap before GC invocations=127 (full 7):
 def new generation   total 97280K, used 89416K [0x04c00000, 0x0b580000, 0x0f6a0000)
  eden space 86528K, 100% used [0x04c00000, 0x0a080000, 0x0a080000)
  from space 10752K,  26% used [0x0a080000, 0x0a352310, 0x0ab00000)
  to   space 10752K,   0% used [0x0ab00000, 0x0ab00000, 0x0b580000)
 tenured generation   total 215920K, used 147087K [0x0f6a0000, 0x1c97c000, 0x24c00000)
   the space 215920K,  68% used [0x0f6a0000, 0x18643e68, 0x18644000, 0x1c97c000)
 Metaspace       used 26255K, capacity 26970K, committed 27008K, reserved 27008K
Event: 7149.992 GC heap after
Heap after GC invocations=128 (full 7):
 def new generation   total 97280K, used 2939K [0x04c00000, 0x0b580000, 0x0f6a0000)
  eden space 86528K,   0% used [0x04c00000, 0x04c00000, 0x0a080000)
  from space 10752K,  27% used [0x0ab00000, 0x0addefe0, 0x0b580000)
  to   space 10752K,   0% used [0x0a080000, 0x0a080000, 0x0ab00000)
 tenured generation   total 215920K, used 147087K [0x0f6a0000, 0x1c97c000, 0x24c00000)
   the space 215920K,  68% used [0x0f6a0000, 0x18643e68, 0x18644000, 0x1c97c000)
 Metaspace       used 26255K, capacity 26970K, committed 27008K, reserved 27008K
}

